2020-05-20 21:21:35,428 - INFO - Instabot Started
2020-05-20 21:21:35,448 - INFO - PRE-LOGIN FLOW!... 
2020-05-20 21:21:40,495 - INFO - Logged-in successfully as 'intimatetale'!
2020-05-20 21:21:40,498 - INFO - LOGIN FLOW! Just logged-in: True
2020-05-20 21:22:10,908 - INFO - Photo '1 (103).jpg' is uploaded.
2020-05-20 22:22:31,049 - INFO - Recovery from intimatetale_uuid_and_cookie.json: COOKIE True - UUIDs True - TIMING, DEVICE and ...
- user-agent=Instagram 105.0.0.18.119 Android (28/9.0; 420dpi; 1080x2260; OnePlus; GM1903; OnePlus7; qcom; en_US)
- phone_id=3fbd96d2-cf61-49f0-a4e8-52804db0f01d
- uuid=91c4a05a-9f2f-42b8-86c5-9ee14c3f989f
- client_session_id=4a6fc7ad-1136-43a8-892c-af954cb427ca
- device_id=android-eae649198e0733d6
2020-05-20 22:22:31,057 - INFO - LOGIN FLOW! Just logged-in: False
2020-05-20 22:22:37,236 - INFO - Logged-in successfully as 'intimatetale'!
2020-05-20 22:22:57,300 - INFO - Photo '1 (104).jpg' is uploaded.
2020-05-20 23:23:17,470 - INFO - Recovery from intimatetale_uuid_and_cookie.json: COOKIE True - UUIDs True - TIMING, DEVICE and ...
- user-agent=Instagram 105.0.0.18.119 Android (28/9.0; 420dpi; 1080x2260; OnePlus; GM1903; OnePlus7; qcom; en_US)
- phone_id=3fbd96d2-cf61-49f0-a4e8-52804db0f01d
- uuid=91c4a05a-9f2f-42b8-86c5-9ee14c3f989f
- client_session_id=756ae002-34b1-4df5-af9d-7d61f73140b0
- device_id=android-eae649198e0733d6
2020-05-20 23:23:17,471 - INFO - LOGIN FLOW! Just logged-in: False
2020-05-20 23:23:24,328 - INFO - Logged-in successfully as 'intimatetale'!
2020-05-20 23:23:45,523 - INFO - Photo '1 (105).jpg' is uploaded.
2020-05-21 00:24:05,663 - INFO - Recovery from intimatetale_uuid_and_cookie.json: COOKIE True - UUIDs True - TIMING, DEVICE and ...
- user-agent=Instagram 105.0.0.18.119 Android (28/9.0; 420dpi; 1080x2260; OnePlus; GM1903; OnePlus7; qcom; en_US)
- phone_id=3fbd96d2-cf61-49f0-a4e8-52804db0f01d
- uuid=91c4a05a-9f2f-42b8-86c5-9ee14c3f989f
- client_session_id=a9dd182d-06d3-4279-935c-024b7391ebaa
- device_id=android-eae649198e0733d6
2020-05-21 00:24:05,665 - INFO - LOGIN FLOW! Just logged-in: False
2020-05-21 00:24:13,621 - INFO - Logged-in successfully as 'intimatetale'!
2020-05-21 00:24:33,473 - INFO - Photo '1 (106).jpg' is uploaded.
2020-05-21 04:27:24,627 - INFO - Total requests: 58
2020-05-21 04:27:24,641 - INFO - Total requests: 58
2020-05-21 04:27:24,644 - INFO - Total requests: 58
2020-05-21 04:27:24,647 - INFO - Total requests: 58
