2020-05-21 04:27:29,069 - INFO - Instabot Started
2020-05-21 04:27:29,204 - INFO - Recovery from intimatetale_uuid_and_cookie.json: COOKIE True - UUIDs True - TIMING, DEVICE and ...
- user-agent=Instagram 105.0.0.18.119 Android (28/9.0; 420dpi; 1080x2260; OnePlus; GM1903; OnePlus7; qcom; en_US)
- phone_id=3fbd96d2-cf61-49f0-a4e8-52804db0f01d
- uuid=91c4a05a-9f2f-42b8-86c5-9ee14c3f989f
- client_session_id=9d6c3d7c-d21a-4c92-a789-581d81eeacaa
- device_id=android-eae649198e0733d6
2020-05-21 04:27:29,204 - INFO - LOGIN FLOW! Just logged-in: False
2020-05-21 04:27:37,560 - INFO - Logged-in successfully as 'intimatetale'!
2020-05-21 04:27:59,471 - INFO - Photo '1 (103).jpg.REMOVE_ME' is uploaded.
2020-05-21 05:28:19,902 - INFO - Recovery from intimatetale_uuid_and_cookie.json: COOKIE True - UUIDs True - TIMING, DEVICE and ...
- user-agent=Instagram 105.0.0.18.119 Android (28/9.0; 420dpi; 1080x2260; OnePlus; GM1903; OnePlus7; qcom; en_US)
- phone_id=3fbd96d2-cf61-49f0-a4e8-52804db0f01d
- uuid=91c4a05a-9f2f-42b8-86c5-9ee14c3f989f
- client_session_id=893f5884-4436-4a99-a6db-1f22061d08c4
- device_id=android-eae649198e0733d6
2020-05-21 05:28:19,903 - INFO - LOGIN FLOW! Just logged-in: False
2020-05-21 05:28:27,527 - INFO - Logged-in successfully as 'intimatetale'!
2020-05-21 05:28:48,518 - INFO - Photo '1 (104).jpg.REMOVE_ME' is uploaded.
2020-05-21 05:33:23,555 - INFO - Total requests: 60
2020-05-21 05:33:23,558 - INFO - Total requests: 60
